<?xml version="1.0" encoding="UTF-8"?>
<!-- Generated by org.testng.reporters.JUnitReportReporter -->
<testsuite hostname="DESKTOP-NB6H5KM" failures="0" tests="2" name="com.qa.openkart.Tests.BHomePageTest_2" time="1.818" errors="1" timestamp="2024-09-12T10:08:56 IST" skipped="1">
  <testcase classname="com.qa.openkart.Tests.BHomePageTest_2" name="Operations_2" time="1.818">
    <error message="Error {
  message=&#039;Execution context was destroyed, most likely because of a navigation
  name=&#039;Error
  stack=&#039;Error:Execution context was destroyed, most likely because of a navigation
Error
    at captureRawStack (C:\Users\JATIN-PC\AppData\Local\Temp\playwright-java-17524099391598874723\package\lib\utils\stackTrace.js:49:17)
    at LongStandingScope._race (C:\Users\JATIN-PC\AppData\Local\Temp\playwright-java-17524099391598874723\package\lib\utils\manualPromise.js:91:52)
    at LongStandingScope.race (C:\Users\JATIN-PC\AppData\Local\Temp\playwright-java-17524099391598874723\package\lib\utils\manualPromise.js:84:17)
    at FrameExecutionContext._raceAgainstContextDestroyed (C:\Users\JATIN-PC\AppData\Local\Temp\playwright-java-17524099391598874723\package\lib\server\javascript.js:49:40)
    at FrameExecutionContext.evaluateWithArguments (C:\Users\JATIN-PC\AppData\Local\Temp\playwright-java-17524099391598874723\package\lib\server\javascript.js:61:17)
    at evaluateExpression (C:\Users\JATIN-PC\AppData\Local\Temp\playwright-java-17524099391598874723\package\lib\server\javascript.js:241:26)
    at async FrameDispatcher.title (C:\Users\JATIN-PC\AppData\Local\Temp\playwright-java-17524099391598874723\package\lib\server\dispatchers\frameDispatcher.js:270:14)
    at async LongStandingScope._race (C:\Users\JATIN-PC\AppData\Local\Temp\playwright-java-17524099391598874723\package\lib\utils\manualPromise.js:96:14)
    at async FrameDispatcher._handleCommand (C:\Users\JATIN-PC\AppData\Local\Temp\playwright-java-17524099391598874723\package\lib\server\dispatchers\dispatcher.js:96:14)
    at async DispatcherConnection.dispatch (C:\Users\JATIN-PC\AppData\Local\Temp\playwright-java-17524099391598874723\package\lib\server\dispatchers\dispatcher.js:361:22)
}" type="com.microsoft.playwright.PlaywrightException">
      <![CDATA[com.microsoft.playwright.PlaywrightException: Error {
  message='Execution context was destroyed, most likely because of a navigation
  name='Error
  stack='Error:Execution context was destroyed, most likely because of a navigation
Error
    at captureRawStack (C:\Users\JATIN-PC\AppData\Local\Temp\playwright-java-17524099391598874723\package\lib\utils\stackTrace.js:49:17)
    at LongStandingScope._race (C:\Users\JATIN-PC\AppData\Local\Temp\playwright-java-17524099391598874723\package\lib\utils\manualPromise.js:91:52)
    at LongStandingScope.race (C:\Users\JATIN-PC\AppData\Local\Temp\playwright-java-17524099391598874723\package\lib\utils\manualPromise.js:84:17)
    at FrameExecutionContext._raceAgainstContextDestroyed (C:\Users\JATIN-PC\AppData\Local\Temp\playwright-java-17524099391598874723\package\lib\server\javascript.js:49:40)
    at FrameExecutionContext.evaluateWithArguments (C:\Users\JATIN-PC\AppData\Local\Temp\playwright-java-17524099391598874723\package\lib\server\javascript.js:61:17)
    at evaluateExpression (C:\Users\JATIN-PC\AppData\Local\Temp\playwright-java-17524099391598874723\package\lib\server\javascript.js:241:26)
    at async FrameDispatcher.title (C:\Users\JATIN-PC\AppData\Local\Temp\playwright-java-17524099391598874723\package\lib\server\dispatchers\frameDispatcher.js:270:14)
    at async LongStandingScope._race (C:\Users\JATIN-PC\AppData\Local\Temp\playwright-java-17524099391598874723\package\lib\utils\manualPromise.js:96:14)
    at async FrameDispatcher._handleCommand (C:\Users\JATIN-PC\AppData\Local\Temp\playwright-java-17524099391598874723\package\lib\server\dispatchers\dispatcher.js:96:14)
    at async DispatcherConnection.dispatch (C:\Users\JATIN-PC\AppData\Local\Temp\playwright-java-17524099391598874723\package\lib\server\dispatchers\dispatcher.js:361:22)
}
at com.microsoft.playwright.impl.WaitableResult.get(WaitableResult.java:56)
at com.microsoft.playwright.impl.ChannelOwner.runUntil(ChannelOwner.java:120)
at com.microsoft.playwright.impl.Connection.sendMessage(Connection.java:130)
at com.microsoft.playwright.impl.ChannelOwner.sendMessage(ChannelOwner.java:106)
at com.microsoft.playwright.impl.ChannelOwner.sendMessage(ChannelOwner.java:101)
at com.microsoft.playwright.impl.FrameImpl.titleImpl(FrameImpl.java:827)
at com.microsoft.playwright.impl.PageImpl.lambda$title$80(PageImpl.java:1300)
at com.microsoft.playwright.impl.LoggingSupport.withLogging(LoggingSupport.java:47)
at com.microsoft.playwright.impl.ChannelOwner.withLogging(ChannelOwner.java:89)
at com.microsoft.playwright.impl.PageImpl.title(PageImpl.java:1300)
at com.qa.openkart.pages.Homepage.<init>(Homepage.java:23)
at com.qa.openkart.Tests.BHomePageTest_2.Operations_2(BHomePageTest_2.java:35)
at java.base/jdk.internal.reflect.DirectMethodHandleAccessor.invoke(DirectMethodHandleAccessor.java:103)
at java.base/java.lang.reflect.Method.invoke(Method.java:580)
at org.testng.internal.MethodInvocationHelper.invokeMethod(MethodInvocationHelper.java:133)
at org.testng.internal.TestInvoker.invokeMethod(TestInvoker.java:598)
at org.testng.internal.TestInvoker.invokeTestMethod(TestInvoker.java:173)
at org.testng.internal.MethodRunner.runInSequence(MethodRunner.java:46)
at org.testng.internal.TestInvoker$MethodInvocationAgent.invoke(TestInvoker.java:824)
at org.testng.internal.TestInvoker.invokeTestMethods(TestInvoker.java:146)
at org.testng.internal.TestMethodWorker.invokeTestMethods(TestMethodWorker.java:146)
at org.testng.internal.TestMethodWorker.run(TestMethodWorker.java:128)
at java.base/java.util.concurrent.ThreadPoolExecutor.runWorker(ThreadPoolExecutor.java:1144)
at java.base/java.util.concurrent.ThreadPoolExecutor$Worker.run(ThreadPoolExecutor.java:642)
at java.base/java.lang.Thread.run(Thread.java:1570)
Caused by: com.microsoft.playwright.impl.DriverException: Error {
  message='Execution context was destroyed, most likely because of a navigation
  name='Error
  stack='Error:Execution context was destroyed, most likely because of a navigation
Error
    at captureRawStack (C:\Users\JATIN-PC\AppData\Local\Temp\playwright-java-17524099391598874723\package\lib\utils\stackTrace.js:49:17)
    at LongStandingScope._race (C:\Users\JATIN-PC\AppData\Local\Temp\playwright-java-17524099391598874723\package\lib\utils\manualPromise.js:91:52)
    at LongStandingScope.race (C:\Users\JATIN-PC\AppData\Local\Temp\playwright-java-17524099391598874723\package\lib\utils\manualPromise.js:84:17)
    at FrameExecutionContext._raceAgainstContextDestroyed (C:\Users\JATIN-PC\AppData\Local\Temp\playwright-java-17524099391598874723\package\lib\server\javascript.js:49:40)
    at FrameExecutionContext.evaluateWithArguments (C:\Users\JATIN-PC\AppData\Local\Temp\playwright-java-17524099391598874723\package\lib\server\javascript.js:61:17)
    at evaluateExpression (C:\Users\JATIN-PC\AppData\Local\Temp\playwright-java-17524099391598874723\package\lib\server\javascript.js:241:26)
    at async FrameDispatcher.title (C:\Users\JATIN-PC\AppData\Local\Temp\playwright-java-17524099391598874723\package\lib\server\dispatchers\frameDispatcher.js:270:14)
    at async LongStandingScope._race (C:\Users\JATIN-PC\AppData\Local\Temp\playwright-java-17524099391598874723\package\lib\utils\manualPromise.js:96:14)
    at async FrameDispatcher._handleCommand (C:\Users\JATIN-PC\AppData\Local\Temp\playwright-java-17524099391598874723\package\lib\server\dispatchers\dispatcher.js:96:14)
    at async DispatcherConnection.dispatch (C:\Users\JATIN-PC\AppData\Local\Temp\playwright-java-17524099391598874723\package\lib\server\dispatchers\dispatcher.js:361:22)
}
at com.microsoft.playwright.impl.Connection.dispatch(Connection.java:259)
at com.microsoft.playwright.impl.Connection.processOneMessage(Connection.java:211)
at com.microsoft.playwright.impl.ChannelOwner.runUntil(ChannelOwner.java:118)
at com.microsoft.playwright.impl.Connection.sendMessage(Connection.java:130)
at com.microsoft.playwright.impl.ChannelOwner.sendMessage(ChannelOwner.java:106)
at com.microsoft.playwright.impl.FrameImpl.clickImpl(FrameImpl.java:252)
at com.microsoft.playwright.impl.PageImpl.lambda$click$18(PageImpl.java:677)
at com.microsoft.playwright.impl.LoggingSupport.lambda$withLogging$0(LoggingSupport.java:36)
at com.microsoft.playwright.impl.LoggingSupport.withLogging(LoggingSupport.java:47)
at com.microsoft.playwright.impl.ChannelOwner.withLogging(ChannelOwner.java:89)
at com.microsoft.playwright.impl.LoggingSupport.withLogging(LoggingSupport.java:35)
at com.microsoft.playwright.impl.PageImpl.click(PageImpl.java:676)
at com.microsoft.playwright.Page.click(Page.java:3952)
at com.qa.openkart.pages.Loginpage.SignIn(Loginpage.java:52)
at com.qa.openkart.Tests.ALoginPageTest_1.Login(ALoginPageTest_1.java:68)
... 13 more
]]>
    </error>
  </testcase> <!-- Operations_2 -->
  <system-out/>
  <testcase classname="com.qa.openkart.Tests.BHomePageTest_2" name="Click_Leads" time="0.000">
    <skipped/>
  </testcase> <!-- Click_Leads -->
  <system-out/>
</testsuite> <!-- com.qa.openkart.Tests.BHomePageTest_2 -->
